2026-03-05 18:17:54.185 [main] DEBUG c.o.service.impl.RoomServiceImpl - getRoom: id=nonexistent
2026-03-05 18:17:54.189 [main] DEBUG c.o.service.impl.RoomServiceImpl - getRoom: not found for id=nonexistent
2026-03-05 18:17:54.203 [main] DEBUG c.o.service.impl.RoomServiceImpl - toggleMaintenance: roomId=room-001
2026-03-05 18:17:54.204 [main] INFO  c.o.service.impl.RoomServiceImpl - toggleMaintenance: roomId=room-001 number='null' availability set to false
2026-03-05 18:17:54.217 [main] DEBUG c.o.service.impl.RoomServiceImpl - addRoom: number='501' type='SUITE' floor=5 rate=25000.0
2026-03-05 18:17:54.219 [main] INFO  c.o.service.impl.RoomServiceImpl - addRoom: room saved id=c884bc4b-ddea-45b5-b403-2d9d692b58d8 number='501'
2026-03-05 18:17:54.226 [main] DEBUG c.o.service.impl.RoomServiceImpl - addRoom: number='101' type='STANDARD' floor=1 rate=8500.0
2026-03-05 18:17:54.226 [main] WARN  c.o.service.impl.RoomServiceImpl - addRoom: room number '101' already exists
2026-03-05 18:17:54.230 [main] DEBUG c.o.service.impl.RoomServiceImpl - addRoom: number='' type='STANDARD' floor=1 rate=8500.0
2026-03-05 18:17:54.233 [main] DEBUG c.o.service.impl.RoomServiceImpl - addRoom: number='101' type='' floor=1 rate=8500.0
2026-03-05 18:17:54.237 [main] DEBUG c.o.service.impl.RoomServiceImpl - addRoom: number='101' type='STANDARD' floor=1 rate=0.0
2026-03-05 18:17:54.241 [main] DEBUG c.o.service.impl.RoomServiceImpl - deleteRoom: id=fake-id
2026-03-05 18:17:54.337 [main] DEBUG c.o.s.impl.ReservationServiceImpl - createReservation: guestId=guest-001 roomId=nonexistent checkIn=2026-03-06 checkOut=2026-03-08 numGuests=1 createdBy=user-001
2026-03-05 18:17:54.343 [main] DEBUG c.o.s.impl.ReservationServiceImpl - createReservation: guestId=guest-001 roomId=room-001 checkIn=2026-03-04 checkOut=2026-03-07 numGuests=1 createdBy=user-001
2026-03-05 18:17:54.347 [main] DEBUG c.o.s.impl.ReservationServiceImpl - createReservation: guestId=guest-001 roomId=room-001 checkIn=2026-03-06 checkOut=2026-03-08 numGuests=0 createdBy=user-001
2026-03-05 18:17:54.352 [main] DEBUG c.o.s.impl.ReservationServiceImpl - createReservation: guestId= roomId=room-001 checkIn=2026-03-06 checkOut=2026-03-08 numGuests=1 createdBy=user-001
2026-03-05 18:17:54.356 [main] DEBUG c.o.s.impl.ReservationServiceImpl - checkIn: reservationId=res-001 staffId=staff-001
2026-03-05 18:17:54.360 [main] DEBUG c.o.s.impl.ReservationServiceImpl - createReservation: guestId=guest-001 roomId=room-001 checkIn=2026-03-06 checkOut=2026-03-08 numGuests=5 createdBy=user-001
2026-03-05 18:17:54.363 [main] DEBUG c.o.s.impl.ReservationServiceImpl - createReservation: guestId=guest-001 roomId=room-001 checkIn=2026-03-10 checkOut=2026-03-07 numGuests=1 createdBy=user-001
2026-03-05 18:17:54.366 [main] DEBUG c.o.s.impl.ReservationServiceImpl - cancelReservation: id=res-001
2026-03-05 18:17:54.369 [main] DEBUG c.o.s.impl.ReservationServiceImpl - createReservation: guestId=guest-001 roomId= checkIn=2026-03-06 checkOut=2026-03-08 numGuests=1 createdBy=user-001
2026-03-05 18:17:54.373 [main] DEBUG c.o.s.impl.ReservationServiceImpl - createReservation: guestId=guest-001 roomId=room-001 checkIn=null checkOut=2026-03-08 numGuests=1 createdBy=user-001
2026-03-05 18:17:54.425 [main] DEBUG c.o.service.impl.PaymentServiceImpl - processPayment: reservationId=res-001 method=BITCOIN referenceNo=REF-001 staffId=staff-001
2026-03-05 18:17:54.426 [main] WARN  c.o.service.impl.PaymentServiceImpl - processPayment: invalid payment method 'BITCOIN' for reservationId=res-001
2026-03-05 18:17:54.433 [main] DEBUG c.o.service.impl.PaymentServiceImpl - processPayment: reservationId=res-001 method=CASH referenceNo=REC-001 staffId=staff-001
2026-03-05 18:17:54.434 [main] WARN  c.o.service.impl.PaymentServiceImpl - processPayment: cannot process — reservation res-001 is CANCELLED
2026-03-05 18:17:54.441 [main] DEBUG c.o.service.impl.PaymentServiceImpl - processPayment: reservationId=res-001 method=CASH referenceNo= staffId=staff-001
2026-03-05 18:17:54.442 [main] WARN  c.o.service.impl.PaymentServiceImpl - processPayment: missing reference number for reservationId=res-001 method=CASH
2026-03-05 18:17:54.446 [main] DEBUG c.o.service.impl.PaymentServiceImpl - processPayment: reservationId=res-001 method=CASH referenceNo=REC-12345 staffId=staff-001
2026-03-05 18:17:54.448 [main] INFO  c.o.service.impl.PaymentServiceImpl - processPayment: payment saved id=10aac32e-c2fd-4aca-aac4-4903b900a9c8 amount=25500.0 method=CASH reservationId=res-001
2026-03-05 18:17:54.448 [main] INFO  c.o.service.impl.PaymentServiceImpl - processPayment: reservation res-001 status updated to CONFIRMED
2026-03-05 18:17:54.448 [main] DEBUG c.o.service.impl.PaymentServiceImpl - processPayment: sending receipt email to test@test.com
2026-03-05 18:17:54.470 [main] DEBUG c.o.service.impl.PaymentServiceImpl - processPayment: reservationId=res-001 method=CARD referenceNo=ABC staffId=staff-001
2026-03-05 18:17:54.471 [main] WARN  c.o.service.impl.PaymentServiceImpl - processPayment: strategy validation failed for reservationId=res-001: Card transaction ID must be at least 6 characters
2026-03-05 18:17:54.474 [main] DEBUG c.o.service.impl.PaymentServiceImpl - processPayment: reservationId=nonexistent method=CASH referenceNo=REC-001 staffId=staff-001
2026-03-05 18:17:54.475 [main] WARN  c.o.service.impl.PaymentServiceImpl - processPayment: reservation not found for id=nonexistent
2026-03-05 18:17:54.478 [main] DEBUG c.o.service.impl.PaymentServiceImpl - processPayment: reservationId=res-001 method=CASH referenceNo=REC-001 staffId=staff-001
2026-03-05 18:17:54.478 [main] WARN  c.o.service.impl.PaymentServiceImpl - processPayment: cannot process — reservation res-001 is CHECKED_OUT
2026-03-05 18:17:54.482 [main] DEBUG c.o.service.impl.PaymentServiceImpl - processPayment: reservationId=res-001 method=CASH referenceNo=AB staffId=staff-001
2026-03-05 18:17:54.482 [main] WARN  c.o.service.impl.PaymentServiceImpl - processPayment: strategy validation failed for reservationId=res-001: Cash receipt number must be at least 3 characters
2026-03-05 18:17:54.485 [main] DEBUG c.o.service.impl.PaymentServiceImpl - processPayment: reservationId=res-001 method=CARD referenceNo=TXN-123456 staffId=staff-001
2026-03-05 18:17:54.486 [main] INFO  c.o.service.impl.PaymentServiceImpl - processPayment: payment saved id=3e9b6dc1-a489-4600-94cc-f2efdb178664 amount=25500.0 method=CARD reservationId=res-001
2026-03-05 18:17:54.486 [main] INFO  c.o.service.impl.PaymentServiceImpl - processPayment: reservation res-001 status updated to CONFIRMED
2026-03-05 18:17:54.486 [main] DEBUG c.o.service.impl.PaymentServiceImpl - processPayment: sending receipt email to test@test.com
2026-03-05 18:17:54.491 [main] DEBUG c.o.service.impl.PaymentServiceImpl - processPayment: reservationId=res-001 method=CASH referenceNo=REC-001 staffId=staff-001
2026-03-05 18:17:54.491 [main] WARN  c.o.service.impl.PaymentServiceImpl - processPayment: duplicate payment attempt for reservationId=res-001
